<?xml version="1.0" encoding="UTF-8"?>
<!-- Generated by org.testng.reporters.JUnitXMLReporter -->
<testsuite ignored="0" hostname="LAPTOP-H2F0LVSP" failures="2" tests="5" name="Default test" time="43.407" errors="0" timestamp="2023-06-21T11:37:05 EDT">
  <testcase classname="io.cucumber.testng.AbstractTestNGCucumberTests" name="runScenario" time="8.527"/>
  <testcase classname="io.cucumber.testng.AbstractTestNGCucumberTests" name="runScenario" time="4.81"/>
  <testcase classname="io.cucumber.testng.AbstractTestNGCucumberTests" name="runScenario" time="9.223">
    <failure type="java.lang.NullPointerException" message="Cannot invoke &amp;quot;com.automation.pages.homepage.HomePage.clickOnUserProfileName()&amp;quot; because &amp;quot;this.home&amp;quot; is null">
      <![CDATA[java.lang.NullPointerException: Cannot invoke "com.automation.pages.homepage.HomePage.clickOnUserProfileName()" because "this.home" is null
at com.automation.allstepsdefs.LoginStepDefinition.click_on_user_menu_dropodown(LoginStepDefinition.java:175)
at ✽.click on user menu dropodown(file:///C:/Users/knand/Desktop/JavaBasicAdvanced/SalesforceCucumberFramework2/src/test/resources/features/salesforcelogin.feature:28)
]]>
    </failure>
  </testcase> <!-- runScenario -->
  <testcase classname="io.cucumber.testng.AbstractTestNGCucumberTests" name="runScenario" time="2.515">
    <failure type="java.lang.NullPointerException" message="Cannot invoke &amp;quot;com.automation.pages.login.ForgotYourPasswordPage.enterUsernameOnForgotPasswordLink(String)&amp;quot; because &amp;quot;this.foryourPassswordPage&amp;quot; is null">
      <![CDATA[java.lang.NullPointerException: Cannot invoke "com.automation.pages.login.ForgotYourPasswordPage.enterUsernameOnForgotPasswordLink(String)" because "this.foryourPassswordPage" is null
at com.automation.allstepsdefs.LoginStepDefinition.user_enter_a_username(LoginStepDefinition.java:206)
at ✽.User enters value into text box username field as "<username1>"(file:///C:/Users/knand/Desktop/JavaBasicAdvanced/SalesforceCucumberFramework2/src/test/resources/features/salesforcelogin.feature:36)
]]>
    </failure>
  </testcase> <!-- runScenario -->
  <testcase classname="io.cucumber.testng.AbstractTestNGCucumberTests" name="runScenario" time="16.431"/>
</testsuite> <!-- Default test -->
