<?xml version="1.0" encoding="UTF-8"?>
<!-- Generated by org.testng.reporters.JUnitReportReporter -->
<testsuite hostname="LAPTOP-H2F0LVSP" failures="0" tests="5" name="com.automation.allrunners.TestRunner" time="41.506" errors="2" timestamp="2023-06-21T11:37:06 EDT" skipped="0">
  <testcase classname="com.automation.allrunners.TestRunner" name="runScenario" time="2.515">
    <error message="Cannot invoke &quot;com.automation.pages.login.ForgotYourPasswordPage.enterUsernameOnForgotPasswordLink(String)&quot; because &quot;this.foryourPassswordPage&quot; is null" type="java.lang.NullPointerException">
      <![CDATA[java.lang.NullPointerException: Cannot invoke "com.automation.pages.login.ForgotYourPasswordPage.enterUsernameOnForgotPasswordLink(String)" because "this.foryourPassswordPage" is null
at com.automation.allstepsdefs.LoginStepDefinition.user_enter_a_username(LoginStepDefinition.java:206)
at ✽.User enters value into text box username field as "<username1>"(file:///C:/Users/knand/Desktop/JavaBasicAdvanced/SalesforceCucumberFramework2/src/test/resources/features/salesforcelogin.feature:36)
]]>
    </error>
  </testcase> <!-- runScenario -->
  <system-out/>
  <testcase classname="com.automation.allrunners.TestRunner" name="runScenario" time="9.223">
    <error message="Cannot invoke &quot;com.automation.pages.homepage.HomePage.clickOnUserProfileName()&quot; because &quot;this.home&quot; is null" type="java.lang.NullPointerException">
      <![CDATA[java.lang.NullPointerException: Cannot invoke "com.automation.pages.homepage.HomePage.clickOnUserProfileName()" because "this.home" is null
at com.automation.allstepsdefs.LoginStepDefinition.click_on_user_menu_dropodown(LoginStepDefinition.java:175)
at ✽.click on user menu dropodown(file:///C:/Users/knand/Desktop/JavaBasicAdvanced/SalesforceCucumberFramework2/src/test/resources/features/salesforcelogin.feature:28)
]]>
    </error>
  </testcase> <!-- runScenario -->
  <system-out/>
  <testcase classname="com.automation.allrunners.TestRunner" name="runScenario" time="4.810"/>
  <system-out/>
  <testcase classname="com.automation.allrunners.TestRunner" name="runScenario" time="16.431"/>
  <system-out/>
  <testcase classname="com.automation.allrunners.TestRunner" name="runScenario" time="8.527"/>
  <system-out/>
</testsuite> <!-- com.automation.allrunners.TestRunner -->
